#
# There is insufficient memory for the Java Runtime Environment to continue.
# Native memory allocation (malloc) failed to allocate 1566096 bytes. Error detail: Chunk::new
# Possible reasons:
#   The system is out of physical RAM or swap space
#   This process is running with CompressedOops enabled, and the Java Heap may be blocking the growth of the native heap
# Possible solutions:
#   Reduce memory load on the system
#   Increase physical memory or swap space
#   Check if swap backing store is full
#   Decrease Java heap size (-Xmx/-Xms)
#   Decrease number of Java threads
#   Decrease Java thread stack sizes (-Xss)
#   Set larger code cache with -XX:ReservedCodeCacheSize=
#   JVM is running with Unscaled Compressed Oops mode in which the Java heap is
#     placed in the first 4GB address space. The Java Heap base address is the
#     maximum limit for the native heap growth. Please use -XX:HeapBaseMinAddress
#     to set the Java Heap base and to place the Java Heap above 4GB virtual address.
# This output file may be truncated or incomplete.
#
#  Out of Memory Error (arena.cpp:168), pid=30064, tid=4896
#
# JRE version: OpenJDK Runtime Environment Temurin-21.0.10+7 (21.0.10+7) (build 21.0.10+7-LTS)
# Java VM: OpenJDK 64-Bit Server VM Temurin-21.0.10+7 (21.0.10+7-LTS, mixed mode, sharing, tiered, compressed oops, compressed class ptrs, g1 gc, windows-amd64)
# No core dump will be written. Minidumps are not enabled by default on client versions of Windows
#

---------------  S U M M A R Y ------------

Command Line: -ea -Dfile.encoding=UTF-8 -Dstdout.encoding=UTF-8 -Dstderr.encoding=UTF-8 -XX:+ShowCodeDetailsInExceptionMessages org.eclipse.jdt.internal.junit.runner.RemoteTestRunner -version 3 -port 58254 -testLoaderClass org.eclipse.jdt.internal.junit4.runner.JUnit4TestLoader -loaderpluginname org.eclipse.jdt.junit4.runtime -classNames runner.TestRunner

Host: AMD Ryzen 5 5500U with Radeon Graphics         , 12 cores, 5G,  Windows 11 , 64 bit Build 26100 (10.0.26100.7623)
Time: Fri Apr  3 17:43:35 2026 Korea Standard Time elapsed time: 15.964303 seconds (0d 0h 0m 15s)

---------------  T H R E A D  ---------------

Current thread (0x000001c0ee73e080):  JavaThread "C2 CompilerThread0" daemon [_thread_in_native, id=4896, stack(0x0000005d56a00000,0x0000005d56b00000) (1024K)]


Current CompileTask:
C2:15964 3002   !   4       jdk.internal.loader.BuiltinClassLoader::loadClassOrNull (143 bytes)

Stack: [0x0000005d56a00000,0x0000005d56b00000]
Native frames: (J=compiled Java code, j=interpreted, Vv=VM code, C=native code)
V  [jvm.dll+0x6d7a39]
V  [jvm.dll+0x8b4b26]
V  [jvm.dll+0x8b70de]
V  [jvm.dll+0x8b77c3]
V  [jvm.dll+0x284346]
V  [jvm.dll+0xc66ed]
V  [jvm.dll+0xc6c31]
V  [jvm.dll+0x3bec01]
V  [jvm.dll+0x38b162]
V  [jvm.dll+0x38a5aa]
V  [jvm.dll+0x24c560]
V  [jvm.dll+0x24bb40]
V  [jvm.dll+0x1cb34e]
V  [jvm.dll+0x25b85d]
V  [jvm.dll+0x259dea]
V  [jvm.dll+0x3f857e]
V  [jvm.dll+0x85f59d]
V  [jvm.dll+0x6d626d]
C  [ucrtbase.dll+0x37b0]
C  [KERNEL32.DLL+0x2e8d7]
C  [ntdll.dll+0x8c53c]


---------------  P R O C E S S  ---------------

Threads class SMR info:
_java_thread_list=0x000001c0f47263b0, length=43, elements={
0x000001c0d4aa9f90, 0x000001c0ee7117e0, 0x000001c0ee713e60, 0x000001c0ee714e70,
0x000001c0ee7154e0, 0x000001c0ee715b50, 0x000001c0ee724850, 0x000001c0ee73e080,
0x000001c0ee73e860, 0x000001c0ee872480, 0x000001c0ee874550, 0x000001c0ee873ec0,
0x000001c0ee8731a0, 0x000001c0ee875900, 0x000001c0f3fb2540, 0x000001c0f3fb38f0,
0x000001c0f3fb0470, 0x000001c0f3fb2bd0, 0x000001c0f3fb1190, 0x000001c0f3fb3f80,
0x000001c0f3fb1820, 0x000001c0f3fb0b00, 0x000001c0f3fb3260, 0x000001c0f3fb5330,
0x000001c0f3fb1eb0, 0x000001c0f3fb59c0, 0x000001c0f3fb6050, 0x000001c0f3fb66e0,
0x000001c0f3fb6d70, 0x000001c0f3fb7400, 0x000001c0f3fb7a90, 0x000001c0ee874be0,
0x000001c0f4af34e0, 0x000001c0f4af0060, 0x000001c0f4af2e50, 0x000001c0f4af2130,
0x000001c0f4af27c0, 0x000001c0f4af3b70, 0x000001c0f4af06f0, 0x000001c0f4af4200,
0x000001c0f4af1aa0, 0x000001c0f4af0d80, 0x000001c0f4af4890
}

Java Threads: ( => current thread )
  0x000001c0d4aa9f90 JavaThread "main"                              [_thread_blocked, id=29344, stack(0x0000005d55c00000,0x0000005d55d00000) (1024K)]
  0x000001c0ee7117e0 JavaThread "Reference Handler"          daemon [_thread_blocked, id=18800, stack(0x0000005d56400000,0x0000005d56500000) (1024K)]
  0x000001c0ee713e60 JavaThread "Finalizer"                  daemon [_thread_blocked, id=32188, stack(0x0000005d56500000,0x0000005d56600000) (1024K)]
  0x000001c0ee714e70 JavaThread "Signal Dispatcher"          daemon [_thread_blocked, id=29736, stack(0x0000005d56600000,0x0000005d56700000) (1024K)]
  0x000001c0ee7154e0 JavaThread "Attach Listener"            daemon [_thread_blocked, id=26256, stack(0x0000005d56700000,0x0000005d56800000) (1024K)]
  0x000001c0ee715b50 JavaThread "Service Thread"             daemon [_thread_blocked, id=25328, stack(0x0000005d56800000,0x0000005d56900000) (1024K)]
  0x000001c0ee724850 JavaThread "Monitor Deflation Thread"   daemon [_thread_blocked, id=27652, stack(0x0000005d56900000,0x0000005d56a00000) (1024K)]
=>0x000001c0ee73e080 JavaThread "C2 CompilerThread0"         daemon [_thread_in_native, id=4896, stack(0x0000005d56a00000,0x0000005d56b00000) (1024K)]
  0x000001c0ee73e860 JavaThread "C1 CompilerThread0"         daemon [_thread_blocked, id=6548, stack(0x0000005d56b00000,0x0000005d56c00000) (1024K)]
  0x000001c0ee872480 JavaThread "Notification Thread"        daemon [_thread_blocked, id=21872, stack(0x0000005d56c00000,0x0000005d56d00000) (1024K)]
  0x000001c0ee874550 JavaThread "Common-Cleaner"             daemon [_thread_blocked, id=25152, stack(0x0000005d56d00000,0x0000005d56e00000) (1024K)]
  0x000001c0ee873ec0 JavaThread "ForkJoinPool.commonPool-worker-1" daemon [_thread_blocked, id=28592, stack(0x0000005d57900000,0x0000005d57a00000) (1024K)]
  0x000001c0ee8731a0 JavaThread "Exec Default Executor"      daemon [_thread_in_native, id=15616, stack(0x0000005d57d00000,0x0000005d57e00000) (1024K)]
  0x000001c0ee875900 JavaThread "Driver Service Executor"    daemon [_thread_blocked, id=7860, stack(0x0000005d57e00000,0x0000005d57f00000) (1024K)]
  0x000001c0f3fb2540 JavaThread "Driver Service Executor"    daemon [_thread_blocked, id=8344, stack(0x0000005d57f00000,0x0000005d58000000) (1024K)]
  0x000001c0f3fb38f0 JavaThread "UrlChecker-2"               daemon [_thread_blocked, id=28552, stack(0x0000005d58000000,0x0000005d58100000) (1024K)]
  0x000001c0f3fb0470 JavaThread "Exec Stream Pumper"         daemon [_thread_in_native, id=30676, stack(0x0000005d58100000,0x0000005d58200000) (1024K)]
  0x000001c0f3fb2bd0 JavaThread "Exec Stream Pumper"         daemon [_thread_in_native, id=28848, stack(0x0000005d58200000,0x0000005d58300000) (1024K)]
  0x000001c0f3fb1190 JavaThread "Keep-Alive-Timer"           daemon [_thread_blocked, id=20120, stack(0x0000005d58300000,0x0000005d58400000) (1024K)]
  0x000001c0f3fb3f80 JavaThread "AsyncHttpClient-1-2"        daemon [_thread_blocked, id=31820, stack(0x0000005d58400000,0x0000005d58500000) (1024K)]
  0x000001c0f3fb1820 JavaThread "AsyncHttpClient-1-3"        daemon [_thread_blocked, id=29544, stack(0x0000005d58500000,0x0000005d58600000) (1024K)]
  0x000001c0f3fb0b00 JavaThread "AsyncHttpClient-1-4"        daemon [_thread_blocked, id=12776, stack(0x0000005d58600000,0x0000005d58700000) (1024K)]
  0x000001c0f3fb3260 JavaThread "AsyncHttpClient-1-5"        daemon [_thread_blocked, id=19784, stack(0x0000005d56f00000,0x0000005d57000000) (1024K)]
  0x000001c0f3fb5330 JavaThread "AsyncHttpClient-1-6"        daemon [_thread_blocked, id=12816, stack(0x0000005d58900000,0x0000005d58a00000) (1024K)]
  0x000001c0f3fb1eb0 JavaThread "AsyncHttpClient-1-7"        daemon [_thread_blocked, id=29424, stack(0x0000005d58a00000,0x0000005d58b00000) (1024K)]
  0x000001c0f3fb59c0 JavaThread "AsyncHttpClient-1-8"        daemon [_thread_blocked, id=21064, stack(0x0000005d58b00000,0x0000005d58c00000) (1024K)]
  0x000001c0f3fb6050 JavaThread "AsyncHttpClient-1-9"        daemon [_thread_blocked, id=30196, stack(0x0000005d58c00000,0x0000005d58d00000) (1024K)]
  0x000001c0f3fb66e0 JavaThread "AsyncHttpClient-1-10"       daemon [_thread_blocked, id=24780, stack(0x0000005d58d00000,0x0000005d58e00000) (1024K)]
  0x000001c0f3fb6d70 JavaThread "AsyncHttpClient-1-11"       daemon [_thread_blocked, id=18316, stack(0x0000005d58e00000,0x0000005d58f00000) (1024K)]
  0x000001c0f3fb7400 JavaThread "AsyncHttpClient-1-12"       daemon [_thread_blocked, id=30932, stack(0x0000005d58f00000,0x0000005d59000000) (1024K)]
  0x000001c0f3fb7a90 JavaThread "AsyncHttpClient-1-13"       daemon [_thread_blocked, id=680, stack(0x0000005d59000000,0x0000005d59100000) (1024K)]
  0x000001c0ee874be0 JavaThread "AsyncHttpClient-1-14"       daemon [_thread_blocked, id=5464, stack(0x0000005d59100000,0x0000005d59200000) (1024K)]
  0x000001c0f4af34e0 JavaThread "AsyncHttpClient-1-15"       daemon [_thread_blocked, id=9592, stack(0x0000005d59200000,0x0000005d59300000) (1024K)]
  0x000001c0f4af0060 JavaThread "AsyncHttpClient-1-16"       daemon [_thread_blocked, id=20620, stack(0x0000005d59300000,0x0000005d59400000) (1024K)]
  0x000001c0f4af2e50 JavaThread "AsyncHttpClient-1-17"       daemon [_thread_blocked, id=27616, stack(0x0000005d59400000,0x0000005d59500000) (1024K)]
  0x000001c0f4af2130 JavaThread "AsyncHttpClient-1-18"       daemon [_thread_blocked, id=5248, stack(0x0000005d59500000,0x0000005d59600000) (1024K)]
  0x000001c0f4af27c0 JavaThread "AsyncHttpClient-1-19"       daemon [_thread_blocked, id=21636, stack(0x0000005d59600000,0x0000005d59700000) (1024K)]
  0x000001c0f4af3b70 JavaThread "AsyncHttpClient-1-20"       daemon [_thread_blocked, id=7868, stack(0x0000005d59700000,0x0000005d59800000) (1024K)]
  0x000001c0f4af06f0 JavaThread "AsyncHttpClient-1-21"       daemon [_thread_blocked, id=19516, stack(0x0000005d59800000,0x0000005d59900000) (1024K)]
  0x000001c0f4af4200 JavaThread "AsyncHttpClient-1-22"       daemon [_thread_blocked, id=25788, stack(0x0000005d59900000,0x0000005d59a00000) (1024K)]
  0x000001c0f4af1aa0 JavaThread "AsyncHttpClient-1-23"       daemon [_thread_blocked, id=6312, stack(0x0000005d59a00000,0x0000005d59b00000) (1024K)]
  0x000001c0f4af0d80 JavaThread "AsyncHttpClient-1-24"       daemon [_thread_blocked, id=6484, stack(0x0000005d59b00000,0x0000005d59c00000) (1024K)]
  0x000001c0f4af4890 JavaThread "AsyncHttpClient-1-25"       daemon [_thread_blocked, id=19896, stack(0x0000005d59c00000,0x0000005d59d00000) (1024K)]
Total: 43

Other Threads:
  0x000001c0ee6f7420 VMThread "VM Thread"                           [id=9900, stack(0x0000005d56300000,0x0000005d56400000) (1024K)]
  0x000001c0ee6e4420 WatcherThread "VM Periodic Task Thread"        [id=29744, stack(0x0000005d56200000,0x0000005d56300000) (1024K)]
  0x000001c0d6ecc540 WorkerThread "GC Thread#0"                     [id=21780, stack(0x0000005d55d00000,0x0000005d55e00000) (1024K)]
  0x000001c0f397bd20 WorkerThread "GC Thread#1"                     [id=17884, stack(0x0000005d56e00000,0x0000005d56f00000) (1024K)]
  0x000001c0f397c0d0 WorkerThread "GC Thread#2"                     [id=30116, stack(0x0000005d57000000,0x0000005d57100000) (1024K)]
  0x000001c0f397b970 WorkerThread "GC Thread#3"                     [id=31900, stack(0x0000005d57100000,0x0000005d57200000) (1024K)]
  0x000001c0f397c480 WorkerThread "GC Thread#4"                     [id=7980, stack(0x0000005d57200000,0x0000005d57300000) (1024K)]
  0x000001c0f397b210 WorkerThread "GC Thread#5"                     [id=29376, stack(0x0000005d57300000,0x0000005d57400000) (1024K)]
  0x000001c0f397c830 WorkerThread "GC Thread#6"                     [id=32656, stack(0x0000005d57400000,0x0000005d57500000) (1024K)]
  0x000001c0f397ae60 WorkerThread "GC Thread#7"                     [id=12128, stack(0x0000005d57500000,0x0000005d57600000) (1024K)]
  0x000001c0f39ee060 WorkerThread "GC Thread#8"                     [id=31796, stack(0x0000005d57600000,0x0000005d57700000) (1024K)]
  0x000001c0f39ed900 WorkerThread "GC Thread#9"                     [id=26328, stack(0x0000005d57700000,0x0000005d57800000) (1024K)]
  0x000001c0d6ed8f80 ConcurrentGCThread "G1 Main Marker"            [id=32144, stack(0x0000005d55e00000,0x0000005d55f00000) (1024K)]
  0x000001c0d6ed99a0 WorkerThread "G1 Conc#0"                       [id=29356, stack(0x0000005d55f00000,0x0000005d56000000) (1024K)]
  0x000001c0f39ed550 WorkerThread "G1 Conc#1"                       [id=26676, stack(0x0000005d57b00000,0x0000005d57c00000) (1024K)]
  0x000001c0f39ef680 WorkerThread "G1 Conc#2"                       [id=21344, stack(0x0000005d57c00000,0x0000005d57d00000) (1024K)]
  0x000001c0ee5b3620 ConcurrentGCThread "G1 Refine#0"               [id=31800, stack(0x0000005d56000000,0x0000005d56100000) (1024K)]
  0x000001c0ee5b9a90 ConcurrentGCThread "G1 Service"                [id=18452, stack(0x0000005d56100000,0x0000005d56200000) (1024K)]
Total: 18

Threads with active compile tasks:
C2 CompilerThread0  16039 3002   !   4       jdk.internal.loader.BuiltinClassLoader::loadClassOrNull (143 bytes)
Total: 1

VM state: not at safepoint (normal execution)

VM Mutex/Monitor currently owned by a thread: None

Heap address: 0x00000000a2600000, size: 1498 MB, Compressed Oops mode: 32-bit

CDS archive(s) mapped at: [0x000001c080000000-0x000001c080c80000-0x000001c080c80000), size 13107200, SharedBaseAddress: 0x000001c080000000, ArchiveRelocationMode: 1.
Compressed class space mapped at: 0x000001c081000000-0x000001c0c1000000, reserved size: 1073741824
Narrow klass base: 0x000001c080000000, Narrow klass shift: 0, Narrow klass range: 0x100000000

GC Precious Log:
 CardTable entry size: 512
 Card Set container configuration: InlinePtr #cards 5 size 8 Array Of Cards #cards 12 size 40 Howl #buckets 4 coarsen threshold 1843 Howl Bitmap #cards 512 size 80 coarsen threshold 460 Card regions per heap region 1 cards per card region 2048
 CPUs: 12 total, 12 available
 Memory: 5989M
 Large Page Support: Disabled
 NUMA Support: Disabled
 Compressed Oops: Enabled (32-bit)
 Heap Region Size: 1M
 Heap Min Capacity: 8M
 Heap Initial Capacity: 94M
 Heap Max Capacity: 1498M
 Pre-touch: Disabled
 Parallel Workers: 10
 Concurrent Workers: 3
 Concurrent Refinement Workers: 10
 Periodic GC: Disabled

Heap:
 garbage-first heap   total 56320K, used 36187K [0x00000000a2600000, 0x0000000100000000)
  region size 1024K, 6 young (6144K), 2 survivors (2048K)
 Metaspace       used 26696K, committed 27008K, reserved 1114112K
  class space    used 3425K, committed 3584K, reserved 1048576K

Heap Regions: E=young(eden), S=young(survivor), O=old, HS=humongous(starts), HC=humongous(continues), CS=collection set, F=free, TAMS=top-at-mark-start, PB=parsable bottom
|   0|0x00000000a2600000, 0x00000000a2700000, 0x00000000a2700000|100%|HS|  |TAMS 0x00000000a2600000| PB 0x00000000a2600000| Complete 
|   1|0x00000000a2700000, 0x00000000a2800000, 0x00000000a2800000|100%| O|  |TAMS 0x00000000a2700000| PB 0x00000000a2700000| Untracked 
|   2|0x00000000a2800000, 0x00000000a2900000, 0x00000000a2900000|100%| O|  |TAMS 0x00000000a2800000| PB 0x00000000a2800000| Untracked 
|   3|0x00000000a2900000, 0x00000000a2a00000, 0x00000000a2a00000|100%| O|  |TAMS 0x00000000a2900000| PB 0x00000000a2900000| Untracked 
|   4|0x00000000a2a00000, 0x00000000a2b00000, 0x00000000a2b00000|100%| O|  |TAMS 0x00000000a2a00000| PB 0x00000000a2a00000| Untracked 
|   5|0x00000000a2b00000, 0x00000000a2c00000, 0x00000000a2c00000|100%| O|  |TAMS 0x00000000a2b00000| PB 0x00000000a2b00000| Untracked 
|   6|0x00000000a2c00000, 0x00000000a2d00000, 0x00000000a2d00000|100%| O|  |TAMS 0x00000000a2c00000| PB 0x00000000a2c00000| Untracked 
|   7|0x00000000a2d00000, 0x00000000a2e00000, 0x00000000a2e00000|100%| O|  |TAMS 0x00000000a2d00000| PB 0x00000000a2d00000| Untracked 
|   8|0x00000000a2e00000, 0x00000000a2f00000, 0x00000000a2f00000|100%|HS|  |TAMS 0x00000000a2e00000| PB 0x00000000a2e00000| Complete 
|   9|0x00000000a2f00000, 0x00000000a3000000, 0x00000000a3000000|100%|HC|  |TAMS 0x00000000a2f00000| PB 0x00000000a2f00000| Complete 
|  10|0x00000000a3000000, 0x00000000a3100000, 0x00000000a3100000|100%|HC|  |TAMS 0x00000000a3000000| PB 0x00000000a3000000| Complete 
|  11|0x00000000a3100000, 0x00000000a3200000, 0x00000000a3200000|100%|HC|  |TAMS 0x00000000a3100000| PB 0x00000000a3100000| Complete 
|  12|0x00000000a3200000, 0x00000000a3300000, 0x00000000a3300000|100%|HC|  |TAMS 0x00000000a3200000| PB 0x00000000a3200000| Complete 
|  13|0x00000000a3300000, 0x00000000a3400000, 0x00000000a3400000|100%|HC|  |TAMS 0x00000000a3300000| PB 0x00000000a3300000| Complete 
|  14|0x00000000a3400000, 0x00000000a3500000, 0x00000000a3500000|100%|HC|  |TAMS 0x00000000a3400000| PB 0x00000000a3400000| Complete 
|  15|0x00000000a3500000, 0x00000000a3600000, 0x00000000a3600000|100%|HC|  |TAMS 0x00000000a3500000| PB 0x00000000a3500000| Complete 
|  16|0x00000000a3600000, 0x00000000a3700000, 0x00000000a3700000|100%|HC|  |TAMS 0x00000000a3600000| PB 0x00000000a3600000| Complete 
|  17|0x00000000a3700000, 0x00000000a3800000, 0x00000000a3800000|100%|HC|  |TAMS 0x00000000a3700000| PB 0x00000000a3700000| Complete 
|  18|0x00000000a3800000, 0x00000000a3900000, 0x00000000a3900000|100%|HC|  |TAMS 0x00000000a3800000| PB 0x00000000a3800000| Complete 
|  19|0x00000000a3900000, 0x00000000a3a00000, 0x00000000a3a00000|100%|HC|  |TAMS 0x00000000a3900000| PB 0x00000000a3900000| Complete 
|  20|0x00000000a3a00000, 0x00000000a3b00000, 0x00000000a3b00000|100%|HC|  |TAMS 0x00000000a3a00000| PB 0x00000000a3a00000| Complete 
|  21|0x00000000a3b00000, 0x00000000a3c00000, 0x00000000a3c00000|100%|HC|  |TAMS 0x00000000a3b00000| PB 0x00000000a3b00000| Complete 
|  22|0x00000000a3c00000, 0x00000000a3d00000, 0x00000000a3d00000|100%|HC|  |TAMS 0x00000000a3c00000| PB 0x00000000a3c00000| Complete 
|  23|0x00000000a3d00000, 0x00000000a3e00000, 0x00000000a3e00000|100%|HC|  |TAMS 0x00000000a3d00000| PB 0x00000000a3d00000| Complete 
|  24|0x00000000a3e00000, 0x00000000a3f00000, 0x00000000a3f00000|100%|HC|  |TAMS 0x00000000a3e00000| PB 0x00000000a3e00000| Complete 
|  25|0x00000000a3f00000, 0x00000000a3f00000, 0x00000000a4000000|  0%| F|  |TAMS 0x00000000a3f00000| PB 0x00000000a3f00000| Untracked 
|  26|0x00000000a4000000, 0x00000000a4000000, 0x00000000a4100000|  0%| F|  |TAMS 0x00000000a4000000| PB 0x00000000a4000000| Untracked 
|  27|0x00000000a4100000, 0x00000000a4100000, 0x00000000a4200000|  0%| F|  |TAMS 0x00000000a4100000| PB 0x00000000a4100000| Untracked 
|  28|0x00000000a4200000, 0x00000000a4200000, 0x00000000a4300000|  0%| F|  |TAMS 0x00000000a4200000| PB 0x00000000a4200000| Untracked 
|  29|0x00000000a4300000, 0x00000000a4300000, 0x00000000a4400000|  0%| F|  |TAMS 0x00000000a4300000| PB 0x00000000a4300000| Untracked 
|  30|0x00000000a4400000, 0x00000000a4400000, 0x00000000a4500000|  0%| F|  |TAMS 0x00000000a4400000| PB 0x00000000a4400000| Untracked 
|  31|0x00000000a4500000, 0x00000000a4500000, 0x00000000a4600000|  0%| F|  |TAMS 0x00000000a4500000| PB 0x00000000a4500000| Untracked 
|  32|0x00000000a4600000, 0x00000000a4600000, 0x00000000a4700000|  0%| F|  |TAMS 0x00000000a4600000| PB 0x00000000a4600000| Untracked 
|  33|0x00000000a4700000, 0x00000000a4700000, 0x00000000a4800000|  0%| F|  |TAMS 0x00000000a4700000| PB 0x00000000a4700000| Untracked 
|  34|0x00000000a4800000, 0x00000000a4800000, 0x00000000a4900000|  0%| F|  |TAMS 0x00000000a4800000| PB 0x00000000a4800000| Untracked 
|  35|0x00000000a4900000, 0x00000000a4900000, 0x00000000a4a00000|  0%| F|  |TAMS 0x00000000a4900000| PB 0x00000000a4900000| Untracked 
|  36|0x00000000a4a00000, 0x00000000a4a00000, 0x00000000a4b00000|  0%| F|  |TAMS 0x00000000a4a00000| PB 0x00000000a4a00000| Untracked 
|  37|0x00000000a4b00000, 0x00000000a4b00000, 0x00000000a4c00000|  0%| F|  |TAMS 0x00000000a4b00000| PB 0x00000000a4b00000| Untracked 
|  38|0x00000000a4c00000, 0x00000000a4c00000, 0x00000000a4d00000|  0%| F|  |TAMS 0x00000000a4c00000| PB 0x00000000a4c00000| Untracked 
|  39|0x00000000a4d00000, 0x00000000a4d00000, 0x00000000a4e00000|  0%| F|  |TAMS 0x00000000a4d00000| PB 0x00000000a4d00000| Untracked 
|  40|0x00000000a4e00000, 0x00000000a4e00000, 0x00000000a4f00000|  0%| F|  |TAMS 0x00000000a4e00000| PB 0x00000000a4e00000| Untracked 
|  41|0x00000000a4f00000, 0x00000000a4f00000, 0x00000000a5000000|  0%| F|  |TAMS 0x00000000a4f00000| PB 0x00000000a4f00000| Untracked 
|  42|0x00000000a5000000, 0x00000000a5100000, 0x00000000a5100000|100%| S|CS|TAMS 0x00000000a5000000| PB 0x00000000a5000000| Complete 
|  43|0x00000000a5100000, 0x00000000a5200000, 0x00000000a5200000|100%| O|  |TAMS 0x00000000a5100000| PB 0x00000000a5100000| Untracked 
|  44|0x00000000a5200000, 0x00000000a5300000, 0x00000000a5300000|100%| O|  |TAMS 0x00000000a5200000| PB 0x00000000a5200000| Untracked 
|  45|0x00000000a5300000, 0x00000000a5400000, 0x00000000a5400000|100%| O|  |TAMS 0x00000000a5300000| PB 0x00000000a5300000| Untracked 
|  46|0x00000000a5400000, 0x00000000a5463268, 0x00000000a5500000| 38%| O|Cm|TAMS 0x00000000a5400000| PB 0x00000000a5400000| Complete 
|  47|0x00000000a5500000, 0x00000000a557b920, 0x00000000a5600000| 48%| S|CS|TAMS 0x00000000a5500000| PB 0x00000000a5500000| Complete 
|  54|0x00000000a5c00000, 0x00000000a5ccd500, 0x00000000a5d00000| 80%| E|  |TAMS 0x00000000a5c00000| PB 0x00000000a5c00000| Complete 
|  55|0x00000000a5d00000, 0x00000000a5e00000, 0x00000000a5e00000|100%| E|CS|TAMS 0x00000000a5d00000| PB 0x00000000a5d00000| Complete 
|  56|0x00000000a5e00000, 0x00000000a5f00000, 0x00000000a5f00000|100%| E|CS|TAMS 0x00000000a5e00000| PB 0x00000000a5e00000| Complete 
|  93|0x00000000a8300000, 0x00000000a8400000, 0x00000000a8400000|100%| E|CS|TAMS 0x00000000a8300000| PB 0x00000000a8300000| Complete 
|1495|0x00000000ffd00000, 0x00000000ffd780f0, 0x00000000ffe00000| 46%| O|  |TAMS 0x00000000ffd00000| PB 0x00000000ffd00000| Untracked 
|1496|0x00000000ffe00000, 0x00000000fff00000, 0x00000000fff00000|100%| O|  |TAMS 0x00000000ffe00000| PB 0x00000000ffe00000| Untracked 
|1497|0x00000000fff00000, 0x0000000100000000, 0x0000000100000000|100%| O|  |TAMS 0x00000000fff00000| PB 0x00000000fff00000| Untracked 

Card table byte_map: [0x000001c0ea060000,0x000001c0ea350000] _byte_map_base: 0x000001c0e9b4d000

Marking Bits: (CMBitMap*) 0x000001c0d6eccb60
 Bits: [0x000001c0ea350000, 0x000001c0ebab8000)

Polling page: 0x000001c0d4eb0000

Metaspace:

Usage:
  Non-class:     22.73 MB used.
      Class:      3.35 MB used.
       Both:     26.07 MB used.

Virtual space:
  Non-class space:       64.00 MB reserved,      22.88 MB ( 36%) committed,  1 nodes.
      Class space:        1.00 GB reserved,       3.50 MB ( <1%) committed,  1 nodes.
             Both:        1.06 GB reserved,      26.38 MB (  2%) committed. 

Chunk freelists:
   Non-Class:  8.70 MB
       Class:  12.47 MB
        Both:  21.17 MB

MaxMetaspaceSize: unlimited
CompressedClassSpaceSize: 1.00 GB
Initial GC threshold: 21.00 MB
Current GC threshold: 35.12 MB
CDS: on
 - commit_granule_bytes: 65536.
 - commit_granule_words: 8192.
 - virtual_space_node_default_size: 8388608.
 - enlarge_chunks_in_place: 1.
 - use_allocation_guard: 0.


Internal statistics:

num_allocs_failed_limit: 3.
num_arena_births: 284.
num_arena_deaths: 0.
num_vsnodes_births: 2.
num_vsnodes_deaths: 0.
num_space_committed: 422.
num_space_uncommitted: 0.
num_chunks_returned_to_freelist: 3.
num_chunks_taken_from_freelist: 992.
num_chunk_merges: 3.
num_chunk_splits: 670.
num_chunks_enlarged: 511.
num_inconsistent_stats: 0.

CodeHeap 'non-profiled nmethods': size=120000Kb used=1497Kb max_used=1497Kb free=118502Kb
 bounds [0x000001c0e22e0000, 0x000001c0e2550000, 0x000001c0e9810000]
CodeHeap 'profiled nmethods': size=120000Kb used=6162Kb max_used=6162Kb free=113837Kb
 bounds [0x000001c0da810000, 0x000001c0dae20000, 0x000001c0e1d40000]
CodeHeap 'non-nmethods': size=5760Kb used=1474Kb max_used=1486Kb free=4286Kb
 bounds [0x000001c0e1d40000, 0x000001c0e1fb0000, 0x000001c0e22e0000]
CodeCache: size=245760Kb, used=9133Kb, max_used=9145Kb, free=236625Kb
 total_blobs=3725, nmethods=3108, adapters=521, full_count=0
Compilation: enabled, stopped_count=0, restarted_count=0

Compilation events (20 events):
Event: 14.848 Thread 0x000001c0ee73e860 3081       3       java.util.Formatter$Flags::contains (13 bytes)
Event: 14.848 Thread 0x000001c0ee73e860 nmethod 3081 0x000001c0dae04f10 code [0x000001c0dae050a0, 0x000001c0dae051e0]
Event: 14.848 Thread 0x000001c0ee73e860 3082       3       io.netty.channel.AbstractChannelHandlerContext::executor (22 bytes)
Event: 14.849 Thread 0x000001c0ee73e860 nmethod 3082 0x000001c0dae05290 code [0x000001c0dae05480, 0x000001c0dae05b28]
Event: 14.898 Thread 0x000001c0ee73e860 3083       3       java.lang.String::getBytes (44 bytes)
Event: 14.899 Thread 0x000001c0ee73e860 nmethod 3083 0x000001c0dae05d10 code [0x000001c0dae05ee0, 0x000001c0dae061e8]
Event: 14.904 Thread 0x000001c0ee73e860 3084       3       java.lang.StringBuilder::toString (9 bytes)
Event: 14.905 Thread 0x000001c0ee73e860 nmethod 3084 0x000001c0dae06310 code [0x000001c0dae064c0, 0x000001c0dae066d0]
Event: 14.906 Thread 0x000001c0ee73e860 3085       3       java.lang.AbstractStringBuilder::append (45 bytes)
Event: 14.907 Thread 0x000001c0ee73e860 nmethod 3085 0x000001c0dae06810 code [0x000001c0dae06a20, 0x000001c0dae06f48]
Event: 14.910 Thread 0x000001c0ee73e860 3086       3       java.lang.StringBuilder::append (8 bytes)
Event: 14.910 Thread 0x000001c0ee73e860 nmethod 3086 0x000001c0dae07190 code [0x000001c0dae07340, 0x000001c0dae07490]
Event: 14.917 Thread 0x000001c0ee73e860 3087       3       java.lang.reflect.Method::isCallerSensitive (38 bytes)
Event: 14.919 Thread 0x000001c0ee73e860 nmethod 3087 0x000001c0dae07510 code [0x000001c0dae07760, 0x000001c0dae080c0]
Event: 14.932 Thread 0x000001c0ee73e860 3088       3       java.lang.String::<init> (98 bytes)
Event: 14.936 Thread 0x000001c0ee73e860 nmethod 3088 0x000001c0dae08390 code [0x000001c0dae08780, 0x000001c0dae0a290]
Event: 14.942 Thread 0x000001c0ee73e860 3089       3       java.lang.StackTraceElement::length (13 bytes)
Event: 14.942 Thread 0x000001c0ee73e860 nmethod 3089 0x000001c0dae0ab90 code [0x000001c0dae0ad40, 0x000001c0dae0af90]
Event: 14.942 Thread 0x000001c0ee73e860 3090       3       java.lang.StringCoding::implEncodeAsciiArray (47 bytes)
Event: 14.943 Thread 0x000001c0ee73e860 nmethod 3090 0x000001c0dae0b090 code [0x000001c0dae0b240, 0x000001c0dae0b478]

GC Heap History (8 events):
Event: 2.079 GC heap before
{Heap before GC invocations=0 (full 0):
 garbage-first heap   total 96256K, used 24576K [0x00000000a2600000, 0x0000000100000000)
  region size 1024K, 23 young (23552K), 0 survivors (0K)
 Metaspace       used 6327K, committed 6592K, reserved 1114112K
  class space    used 817K, committed 960K, reserved 1048576K
}
Event: 2.090 GC heap after
{Heap after GC invocations=1 (full 0):
 garbage-first heap   total 96256K, used 7368K [0x00000000a2600000, 0x0000000100000000)
  region size 1024K, 3 young (3072K), 3 survivors (3072K)
 Metaspace       used 6327K, committed 6592K, reserved 1114112K
  class space    used 817K, committed 960K, reserved 1048576K
}
Event: 5.260 GC heap before
{Heap before GC invocations=1 (full 0):
 garbage-first heap   total 96256K, used 35016K [0x00000000a2600000, 0x0000000100000000)
  region size 1024K, 31 young (31744K), 3 survivors (3072K)
 Metaspace       used 14688K, committed 14912K, reserved 1114112K
  class space    used 1778K, committed 1856K, reserved 1048576K
}
Event: 5.273 GC heap after
{Heap after GC invocations=2 (full 0):
 garbage-first heap   total 96256K, used 11682K [0x00000000a2600000, 0x0000000100000000)
  region size 1024K, 4 young (4096K), 4 survivors (4096K)
 Metaspace       used 14688K, committed 14912K, reserved 1114112K
  class space    used 1778K, committed 1856K, reserved 1048576K
}
Event: 9.420 GC heap before
{Heap before GC invocations=2 (full 0):
 garbage-first heap   total 96256K, used 80290K [0x00000000a2600000, 0x0000000100000000)
  region size 1024K, 37 young (37888K), 4 survivors (4096K)
 Metaspace       used 21283K, committed 21504K, reserved 1114112K
  class space    used 2587K, committed 2688K, reserved 1048576K
}
Event: 9.431 GC heap after
{Heap after GC invocations=3 (full 0):
 garbage-first heap   total 96256K, used 14176K [0x00000000a2600000, 0x0000000100000000)
  region size 1024K, 3 young (3072K), 3 survivors (3072K)
 Metaspace       used 21283K, committed 21504K, reserved 1114112K
  class space    used 2587K, committed 2688K, reserved 1048576K
}
Event: 14.755 GC heap before
{Heap before GC invocations=4 (full 0):
 garbage-first heap   total 51200K, used 50016K [0x00000000a2600000, 0x0000000100000000)
  region size 1024K, 21 young (21504K), 3 survivors (3072K)
 Metaspace       used 26359K, committed 26688K, reserved 1114112K
  class space    used 3367K, committed 3520K, reserved 1048576K
}
Event: 14.766 GC heap after
{Heap after GC invocations=5 (full 0):
 garbage-first heap   total 56320K, used 33115K [0x00000000a2600000, 0x0000000100000000)
  region size 1024K, 2 young (2048K), 2 survivors (2048K)
 Metaspace       used 26359K, committed 26688K, reserved 1114112K
  class space    used 3367K, committed 3520K, reserved 1048576K
}

Dll operation events (11 events):
Event: 0.020 Loaded shared library C:\Users\User\.p2\pool\plugins\org.eclipse.justj.openjdk.hotspot.jre.full.win32.x86_64_21.0.10.v20260205-0638\jre\bin\java.dll
Event: 0.067 Loaded shared library C:\Users\User\.p2\pool\plugins\org.eclipse.justj.openjdk.hotspot.jre.full.win32.x86_64_21.0.10.v20260205-0638\jre\bin\zip.dll
Event: 0.214 Loaded shared library C:\Users\User\.p2\pool\plugins\org.eclipse.justj.openjdk.hotspot.jre.full.win32.x86_64_21.0.10.v20260205-0638\jre\bin\net.dll
Event: 0.219 Loaded shared library C:\Users\User\.p2\pool\plugins\org.eclipse.justj.openjdk.hotspot.jre.full.win32.x86_64_21.0.10.v20260205-0638\jre\bin\nio.dll
Event: 0.232 Loaded shared library C:\Users\User\.p2\pool\plugins\org.eclipse.justj.openjdk.hotspot.jre.full.win32.x86_64_21.0.10.v20260205-0638\jre\bin\zip.dll
Event: 0.434 Loaded shared library C:\Users\User\.p2\pool\plugins\org.eclipse.justj.openjdk.hotspot.jre.full.win32.x86_64_21.0.10.v20260205-0638\jre\bin\extnet.dll
Event: 0.458 Loaded shared library C:\Users\User\.p2\pool\plugins\org.eclipse.justj.openjdk.hotspot.jre.full.win32.x86_64_21.0.10.v20260205-0638\jre\bin\verify.dll
Event: 0.673 Loaded shared library C:\Users\User\.p2\pool\plugins\org.eclipse.justj.openjdk.hotspot.jre.full.win32.x86_64_21.0.10.v20260205-0638\jre\bin\jimage.dll
Event: 2.270 Loaded shared library C:\Users\User\.p2\pool\plugins\org.eclipse.justj.openjdk.hotspot.jre.full.win32.x86_64_21.0.10.v20260205-0638\jre\bin\sunmscapi.dll
Event: 8.985 Loaded shared library C:\Users\User\.p2\pool\plugins\org.eclipse.justj.openjdk.hotspot.jre.full.win32.x86_64_21.0.10.v20260205-0638\jre\bin\management.dll
Event: 9.000 Loaded shared library C:\Users\User\.p2\pool\plugins\org.eclipse.justj.openjdk.hotspot.jre.full.win32.x86_64_21.0.10.v20260205-0638\jre\bin\management_ext.dll

Deoptimization events (20 events):
Event: 14.898 Thread 0x000001c0d4aa9f90 Uncommon trap: trap_request=0xffffff45 fr.pc=0x000001c0e230f304 relative=0x0000000000000524
Event: 14.898 Thread 0x000001c0d4aa9f90 Uncommon trap: reason=unstable_if action=reinterpret pc=0x000001c0e230f304 method=java.lang.AbstractStringBuilder.inflateIfNeededFor(Ljava/lang/String;)V @ 14 c2
Event: 14.898 Thread 0x000001c0d4aa9f90 DEOPT PACKING pc=0x000001c0e230f304 sp=0x0000005d55cfdbd0
Event: 14.898 Thread 0x000001c0d4aa9f90 DEOPT UNPACKING pc=0x000001c0e1d94422 sp=0x0000005d55cfdad8 mode 2
Event: 14.898 Thread 0x000001c0d4aa9f90 Uncommon trap: trap_request=0xffffff45 fr.pc=0x000001c0e22ff50c relative=0x00000000000000ec
Event: 14.898 Thread 0x000001c0d4aa9f90 Uncommon trap: reason=unstable_if action=reinterpret pc=0x000001c0e22ff50c method=java.lang.String.getBytes([BIB)V @ 5 c2
Event: 14.898 Thread 0x000001c0d4aa9f90 DEOPT PACKING pc=0x000001c0e22ff50c sp=0x0000005d55cfdb00
Event: 14.898 Thread 0x000001c0d4aa9f90 DEOPT UNPACKING pc=0x000001c0e1d94422 sp=0x0000005d55cfdac8 mode 2
Event: 14.898 Thread 0x000001c0d4aa9f90 Uncommon trap: trap_request=0xffffff45 fr.pc=0x000001c0e23328b8 relative=0x00000000000004f8
Event: 14.898 Thread 0x000001c0d4aa9f90 Uncommon trap: reason=unstable_if action=reinterpret pc=0x000001c0e23328b8 method=java.lang.AbstractStringBuilder.isLatin1()Z @ 10 c2
Event: 14.898 Thread 0x000001c0d4aa9f90 DEOPT PACKING pc=0x000001c0e23328b8 sp=0x0000005d55cfdc40
Event: 14.898 Thread 0x000001c0d4aa9f90 DEOPT UNPACKING pc=0x000001c0e1d94422 sp=0x0000005d55cfdae0 mode 2
Event: 14.898 Thread 0x000001c0d4aa9f90 Uncommon trap: trap_request=0xffffff45 fr.pc=0x000001c0e2428980 relative=0x00000000000004c0
Event: 14.898 Thread 0x000001c0d4aa9f90 Uncommon trap: reason=unstable_if action=reinterpret pc=0x000001c0e2428980 method=java.lang.String.<init>(Ljava/lang/AbstractStringBuilder;Ljava/lang/Void;)V @ 19 c2
Event: 14.898 Thread 0x000001c0d4aa9f90 DEOPT PACKING pc=0x000001c0e2428980 sp=0x0000005d55cfdc80
Event: 14.898 Thread 0x000001c0d4aa9f90 DEOPT UNPACKING pc=0x000001c0e1d94422 sp=0x0000005d55cfdc38 mode 2
Event: 14.898 Thread 0x000001c0d4aa9f90 Uncommon trap: trap_request=0xffffff45 fr.pc=0x000001c0e23f2e24 relative=0x0000000000000264
Event: 14.898 Thread 0x000001c0d4aa9f90 Uncommon trap: reason=unstable_if action=reinterpret pc=0x000001c0e23f2e24 method=java.lang.String.getChars(II[CI)V @ 24 c2
Event: 14.898 Thread 0x000001c0d4aa9f90 DEOPT PACKING pc=0x000001c0e23f2e24 sp=0x0000005d55cfdd80
Event: 14.898 Thread 0x000001c0d4aa9f90 DEOPT UNPACKING pc=0x000001c0e1d94422 sp=0x0000005d55cfdd40 mode 2

Classes loaded (20 events):
Event: 14.796 Loading class java/util/concurrent/locks/ReentrantReadWriteLock$FairSync
Event: 14.796 Loading class java/util/concurrent/locks/ReentrantReadWriteLock$FairSync done
Event: 14.815 Loading class java/util/Base64
Event: 14.816 Loading class java/util/Base64 done
Event: 14.816 Loading class java/util/Base64$Encoder
Event: 14.817 Loading class java/util/Base64$Encoder done
Event: 14.824 Loading class java/util/concurrent/CompletableFuture$UniExceptionally
Event: 14.825 Loading class java/util/concurrent/CompletableFuture$UniCompletion
Event: 14.826 Loading class java/util/concurrent/CompletableFuture$UniCompletion done
Event: 14.826 Loading class java/util/concurrent/CompletableFuture$UniExceptionally done
Event: 14.845 Loading class java/lang/Throwable$WrappedPrintWriter
Event: 14.846 Loading class java/lang/Throwable$PrintStreamOrWriter
Event: 14.846 Loading class java/lang/Throwable$PrintStreamOrWriter done
Event: 14.846 Loading class java/lang/Throwable$WrappedPrintWriter done
Event: 14.854 Loading class java/lang/invoke/WrongMethodTypeException
Event: 14.855 Loading class java/lang/invoke/WrongMethodTypeException done
Event: 14.873 Loading class java/time/Instant$1
Event: 14.874 Loading class java/time/Instant$1 done
Event: 14.904 Loading class java/lang/Throwable$WrappedPrintStream
Event: 14.904 Loading class java/lang/Throwable$WrappedPrintStream done

Classes unloaded (0 events):
No events

Classes redefined (0 events):
No events

Internal exceptions (20 events):
Event: 8.934 Thread 0x000001c0d4aa9f90 Exception <a 'java/lang/NoClassDefFoundError'{0x00000000a6d69fa8}: org/apache/log4j/Priority> (0x00000000a6d69fa8) 
thrown [s\src\hotspot\share\classfile\systemDictionary.cpp, line 301]
Event: 9.436 Thread 0x000001c0d4aa9f90 Exception <a 'java/lang/IncompatibleClassChangeError'{0x00000000a830ab98}: Found class java.lang.Object, but interface was expected> (0x00000000a830ab98) 
thrown [s\src\hotspot\share\interpreter\linkResolver.cpp, line 840]
Event: 9.443 Thread 0x000001c0d4aa9f90 Exception <a 'java/lang/NoSuchMethodError'{0x00000000a8312828}: 'int java.lang.invoke.DirectMethodHandle$Holder.invokeSpecialIFC(java.lang.Object, java.lang.Object, java.lang.Object, java.lang.Object)'> (0x00000000a8312828) 
thrown [s\src\hotspot\share\interpreter\linkResolver.cpp, line 773]
Event: 9.445 Thread 0x000001c0d4aa9f90 Exception <a 'java/lang/NoSuchMethodError'{0x00000000a831dab8}: 'java.lang.Object java.lang.invoke.DirectMethodHandle$Holder.invokeInterface(java.lang.Object, java.lang.Object, java.lang.Object, java.lang.Object)'> (0x00000000a831dab8) 
thrown [s\src\hotspot\share\interpreter\linkResolver.cpp, line 773]
Event: 9.550 Thread 0x000001c0f3fb38f0 Exception <a 'java/net/ConnectException'{0x00000000a4c0a4e0}: Connection refused: getsockopt> (0x00000000a4c0a4e0) 
thrown [s\src\hotspot\share\prims\jni.cpp, line 539]
Event: 9.565 Thread 0x000001c0f3fb38f0 Exception <a 'java/net/ConnectException'{0x00000000a4c0b570}: Connection refused: getsockopt> (0x00000000a4c0b570) 
thrown [s\src\hotspot\share\prims\jni.cpp, line 539]
Event: 9.596 Thread 0x000001c0f3fb38f0 Exception <a 'java/net/ConnectException'{0x00000000a4c0c530}: Connection refused: getsockopt> (0x00000000a4c0c530) 
thrown [s\src\hotspot\share\prims\jni.cpp, line 539]
Event: 9.645 Thread 0x000001c0f3fb38f0 Exception <a 'java/net/ConnectException'{0x00000000a4c0d4f0}: Connection refused: getsockopt> (0x00000000a4c0d4f0) 
thrown [s\src\hotspot\share\prims\jni.cpp, line 539]
Event: 9.738 Thread 0x000001c0f3fb38f0 Exception <a 'java/net/ConnectException'{0x00000000a4c0e4b0}: Connection refused: getsockopt> (0x00000000a4c0e4b0) 
thrown [s\src\hotspot\share\prims\jni.cpp, line 539]
Event: 9.909 Thread 0x000001c0f3fb38f0 Exception <a 'java/net/ConnectException'{0x00000000a4c0f470}: Connection refused: getsockopt> (0x00000000a4c0f470) 
thrown [s\src\hotspot\share\prims\jni.cpp, line 539]
Event: 10.235 Thread 0x000001c0f3fb38f0 Exception <a 'java/net/ConnectException'{0x00000000a4c10430}: Connection refused: getsockopt> (0x00000000a4c10430) 
thrown [s\src\hotspot\share\prims\jni.cpp, line 539]
Event: 10.563 Thread 0x000001c0f3fb38f0 Exception <a 'java/net/ConnectException'{0x00000000a4c113f0}: Connection refused: getsockopt> (0x00000000a4c113f0) 
thrown [s\src\hotspot\share\prims\jni.cpp, line 539]
Event: 10.920 Thread 0x000001c0d4aa9f90 Exception <a 'java/lang/NoSuchMethodError'{0x00000000a4d777e8}: 'double java.lang.invoke.DirectMethodHandle$Holder.invokeVirtual(java.lang.Object, java.lang.Object)'> (0x00000000a4d777e8) 
thrown [s\src\hotspot\share\interpreter\linkResolver.cpp, line 773]
Event: 10.922 Thread 0x000001c0d4aa9f90 Exception <a 'java/lang/NoSuchMethodError'{0x00000000a4d7d8b8}: 'float java.lang.invoke.DirectMethodHandle$Holder.invokeVirtual(java.lang.Object, java.lang.Object)'> (0x00000000a4d7d8b8) 
thrown [s\src\hotspot\share\interpreter\linkResolver.cpp, line 773]
Event: 10.923 Thread 0x000001c0d4aa9f90 Exception <a 'java/lang/NoSuchMethodError'{0x00000000a4cbcde0}: 'long java.lang.invoke.DirectMethodHandle$Holder.invokeVirtual(java.lang.Object, java.lang.Object)'> (0x00000000a4cbcde0) 
thrown [s\src\hotspot\share\interpreter\linkResolver.cpp, line 773]
Event: 10.964 Thread 0x000001c0d4aa9f90 Exception <a 'java/lang/NoSuchMethodError'{0x00000000a4bd4ae0}: 'void java.lang.invoke.DirectMethodHandle$Holder.invokeStatic(java.lang.Object, java.lang.Object, int)'> (0x00000000a4bd4ae0) 
thrown [s\src\hotspot\share\interpreter\linkResolver.cpp, line 773]
Event: 11.029 Thread 0x000001c0d4aa9f90 Exception <a 'java/lang/NoSuchMethodError'{0x00000000a49344a0}: 'int java.lang.invoke.DirectMethodHandle$Holder.invokeSpecialIFC(java.lang.Object, java.lang.Object, java.lang.Object)'> (0x00000000a49344a0) 
thrown [s\src\hotspot\share\interpreter\linkResolver.cpp, line 773]
Event: 11.141 Thread 0x000001c0d4aa9f90 Exception <a 'java/lang/NoSuchMethodError'{0x00000000a47be4b8}: 'void java.lang.invoke.DirectMethodHandle$Holder.invokeSpecial(java.lang.Object, java.lang.Object, java.lang.Object, java.lang.Object, java.lang.Object, java.lang.Object)'> (0x00000000a47be4b8) 
thrown [s\src\hotspot\share\interpreter\linkResolver.cpp, line 773]
Event: 14.623 Thread 0x000001c0d4aa9f90 Exception <a 'java/lang/NoSuchMethodError'{0x00000000a4014e80}: 'java.lang.Object java.lang.invoke.DirectMethodHandle$Holder.invokeSpecialIFC(java.lang.Object, java.lang.Object, java.lang.Object)'> (0x00000000a4014e80) 
thrown [s\src\hotspot\share\interpreter\linkResolver.cpp, line 773]
Event: 14.662 Thread 0x000001c0d4aa9f90 Exception <a 'java/lang/ClassNotFoundException'{0x00000000a408e738}: sun/util/logging/resources/spi/loggingProvider> (0x00000000a408e738) 
thrown [s\src\hotspot\share\classfile\systemDictionary.cpp, line 312]

ZGC Phase Switch (0 events):
No events

VM Operations (20 events):
Event: 9.097 Executing non-safepoint VM operation: HandshakeAllThreads (Deoptimize)
Event: 9.097 Executing non-safepoint VM operation: HandshakeAllThreads (Deoptimize) done
Event: 9.420 Executing safepoint VM operation: CollectForMetadataAllocation (Metadata GC Threshold)
Event: 9.431 Executing safepoint VM operation: CollectForMetadataAllocation (Metadata GC Threshold) done
Event: 9.438 Executing safepoint VM operation: G1PauseRemark
Event: 9.442 Executing safepoint VM operation: G1PauseRemark done
Event: 9.445 Executing safepoint VM operation: G1PauseCleanup
Event: 9.447 Executing safepoint VM operation: G1PauseCleanup done
Event: 10.452 Executing safepoint VM operation: Cleanup
Event: 10.452 Executing safepoint VM operation: Cleanup done
Event: 10.894 Executing non-safepoint VM operation: HandshakeAllThreads (Deoptimize)
Event: 10.894 Executing non-safepoint VM operation: HandshakeAllThreads (Deoptimize) done
Event: 10.897 Executing non-safepoint VM operation: HandshakeAllThreads (Deoptimize)
Event: 10.897 Executing non-safepoint VM operation: HandshakeAllThreads (Deoptimize) done
Event: 11.906 Executing safepoint VM operation: Cleanup
Event: 11.906 Executing safepoint VM operation: Cleanup done
Event: 14.755 Executing safepoint VM operation: G1CollectForAllocation (G1 Evacuation Pause)
Event: 14.766 Executing safepoint VM operation: G1CollectForAllocation (G1 Evacuation Pause) done
Event: 15.772 Executing safepoint VM operation: Cleanup
Event: 15.772 Executing safepoint VM operation: Cleanup done

Memory protections (0 events):
No events

Nmethod flushes (0 events):
No events

Events (20 events):
Event: 0.451 Thread 0x000001c0d4aa9f90 Thread added: 0x000001c0ee874be0
Event: 0.466 Thread 0x000001c0ee87ac30 Thread exited: 0x000001c0ee87ac30
Event: 0.624 Thread 0x000001c0ee73e080 Thread added: 0x000001c0f34d68e0
Event: 1.108 Thread 0x000001c0f34d68e0 Thread exited: 0x000001c0f34d68e0
Event: 2.305 Thread 0x000001c0ee73e860 Thread added: 0x000001c0f3a8a7b0
Event: 2.797 Thread 0x000001c0f3a8a7b0 Thread exited: 0x000001c0f3a8a7b0
Event: 3.408 Thread 0x000001c0ee73e860 Thread added: 0x000001c0f3cd2420
Event: 5.162 Thread 0x000001c0f3cd2420 Thread exited: 0x000001c0f3cd2420
Event: 8.882 Thread 0x000001c0d4aa9f90 Thread added: 0x000001c0ee873ec0
Event: 9.028 Thread 0x000001c0d4aa9f90 Thread added: 0x000001c0ee875270
Event: 9.529 Thread 0x000001c0d4aa9f90 Thread added: 0x000001c0ee8731a0
Event: 9.534 Thread 0x000001c0d4aa9f90 Thread added: 0x000001c0ee875900
Event: 9.535 Thread 0x000001c0d4aa9f90 Thread added: 0x000001c0f3fb2540
Event: 9.538 Thread 0x000001c0ee875900 Thread added: 0x000001c0f3fb38f0
Event: 10.478 Thread 0x000001c0ee8731a0 Thread added: 0x000001c0f3fb0470
Event: 10.478 Thread 0x000001c0ee8731a0 Thread added: 0x000001c0f3fb2bd0
Event: 10.896 Thread 0x000001c0f3fb38f0 Thread added: 0x000001c0f3fb1190
Event: 11.266 Thread 0x000001c0d4aa9f90 Thread added: 0x000001c0f3fb3f80
Event: 14.755 Thread 0x000001c0d4aa9f90 Thread added: 0x000001c0f3fb1820
Event: 14.821 Thread 0x000001c0d4aa9f90 Thread added: 0x000001c0f3fb0b00


Dynamic libraries:
0x00007ff7a0b40000 - 0x00007ff7a0b4e000 	C:\Users\User\.p2\pool\plugins\org.eclipse.justj.openjdk.hotspot.jre.full.win32.x86_64_21.0.10.v20260205-0638\jre\bin\javaw.exe
0x00007fff328e0000 - 0x00007fff32b47000 	C:\WINDOWS\SYSTEM32\ntdll.dll
0x00007fff31c70000 - 0x00007fff31d39000 	C:\WINDOWS\System32\KERNEL32.DLL
0x00007fff2fa30000 - 0x00007fff2fe1f000 	C:\WINDOWS\System32\KERNELBASE.dll
0x00007fff2ca90000 - 0x00007fff2cb2f000 	C:\WINDOWS\SYSTEM32\apphelp.dll
0x00007fff30040000 - 0x00007fff3018b000 	C:\WINDOWS\System32\ucrtbase.dll
0x00007fff254e0000 - 0x00007fff254f8000 	C:\Users\User\.p2\pool\plugins\org.eclipse.justj.openjdk.hotspot.jre.full.win32.x86_64_21.0.10.v20260205-0638\jre\bin\jli.dll
0x00007fff18910000 - 0x00007fff1892e000 	C:\Users\User\.p2\pool\plugins\org.eclipse.justj.openjdk.hotspot.jre.full.win32.x86_64_21.0.10.v20260205-0638\jre\bin\VCRUNTIME140.dll
0x00007fff326d0000 - 0x00007fff32895000 	C:\WINDOWS\System32\USER32.dll
0x00007fff304e0000 - 0x00007fff30507000 	C:\WINDOWS\System32\win32u.dll
0x00007fff30fd0000 - 0x00007fff30ffb000 	C:\WINDOWS\System32\GDI32.dll
0x00007fff30190000 - 0x00007fff302bc000 	C:\WINDOWS\System32\gdi32full.dll
0x00007fff305d0000 - 0x00007fff30673000 	C:\WINDOWS\System32\msvcp_win.dll
0x00007fff1cc40000 - 0x00007fff1ced3000 	C:\WINDOWS\WinSxS\amd64_microsoft.windows.common-controls_6595b64144ccf1df_6.0.26100.7309_none_3e05feeae336a044\COMCTL32.dll
0x00007fff32610000 - 0x00007fff326b9000 	C:\WINDOWS\System32\msvcrt.dll
0x00007fff32510000 - 0x00007fff32541000 	C:\WINDOWS\System32\IMM32.DLL
0x00007fff258c0000 - 0x00007fff258cc000 	C:\Users\User\.p2\pool\plugins\org.eclipse.justj.openjdk.hotspot.jre.full.win32.x86_64_21.0.10.v20260205-0638\jre\bin\vcruntime140_1.dll
0x00007ffee4830000 - 0x00007ffee48bd000 	C:\Users\User\.p2\pool\plugins\org.eclipse.justj.openjdk.hotspot.jre.full.win32.x86_64_21.0.10.v20260205-0638\jre\bin\msvcp140.dll
0x00007ffe57320000 - 0x00007ffe580c1000 	C:\Users\User\.p2\pool\plugins\org.eclipse.justj.openjdk.hotspot.jre.full.win32.x86_64_21.0.10.v20260205-0638\jre\bin\server\jvm.dll
0x00007fff32550000 - 0x00007fff32604000 	C:\WINDOWS\System32\ADVAPI32.dll
0x00007fff30e00000 - 0x00007fff30ea6000 	C:\WINDOWS\System32\sechost.dll
0x00007fff30eb0000 - 0x00007fff30fc8000 	C:\WINDOWS\System32\RPCRT4.dll
0x00007fff316e0000 - 0x00007fff31754000 	C:\WINDOWS\System32\WS2_32.dll
0x00007fff2f890000 - 0x00007fff2f8ee000 	C:\WINDOWS\SYSTEM32\POWRPROF.dll
0x00007fff287a0000 - 0x00007fff287d5000 	C:\WINDOWS\SYSTEM32\WINMM.dll
0x00007fff29a20000 - 0x00007fff29a2b000 	C:\WINDOWS\SYSTEM32\VERSION.dll
0x00007fff2f870000 - 0x00007fff2f884000 	C:\WINDOWS\SYSTEM32\UMPDC.dll
0x00007fff2e7a0000 - 0x00007fff2e7bb000 	C:\WINDOWS\SYSTEM32\kernel.appcore.dll
0x00007fff25db0000 - 0x00007fff25dba000 	C:\Users\User\.p2\pool\plugins\org.eclipse.justj.openjdk.hotspot.jre.full.win32.x86_64_21.0.10.v20260205-0638\jre\bin\jimage.dll
0x00007fff23dd0000 - 0x00007fff24012000 	C:\WINDOWS\SYSTEM32\DBGHELP.DLL
0x00007fff311e0000 - 0x00007fff31566000 	C:\WINDOWS\System32\combase.dll
0x00007fff31760000 - 0x00007fff31836000 	C:\WINDOWS\System32\OLEAUT32.dll
0x00007fff1cc00000 - 0x00007fff1cc3c000 	C:\WINDOWS\SYSTEM32\dbgcore.DLL
0x00007fff30430000 - 0x00007fff304d5000 	C:\WINDOWS\System32\bcryptPrimitives.dll
0x00007fff1b120000 - 0x00007fff1b140000 	C:\Users\User\.p2\pool\plugins\org.eclipse.justj.openjdk.hotspot.jre.full.win32.x86_64_21.0.10.v20260205-0638\jre\bin\java.dll
0x00007fff31d40000 - 0x00007fff32493000 	C:\WINDOWS\System32\SHELL32.dll
0x00007fff302c0000 - 0x00007fff3042a000 	C:\WINDOWS\System32\wintypes.dll
0x00007fff2d610000 - 0x00007fff2de6e000 	C:\WINDOWS\SYSTEM32\windows.storage.dll
0x00007fff315e0000 - 0x00007fff316d5000 	C:\WINDOWS\System32\SHCORE.dll
0x00007fff31570000 - 0x00007fff315d6000 	C:\WINDOWS\System32\shlwapi.dll
0x00007fff2f950000 - 0x00007fff2f979000 	C:\WINDOWS\SYSTEM32\profapi.dll
0x00007fff1a840000 - 0x00007fff1a858000 	C:\Users\User\.p2\pool\plugins\org.eclipse.justj.openjdk.hotspot.jre.full.win32.x86_64_21.0.10.v20260205-0638\jre\bin\zip.dll
0x00007fff25da0000 - 0x00007fff25db0000 	C:\Users\User\.p2\pool\plugins\org.eclipse.justj.openjdk.hotspot.jre.full.win32.x86_64_21.0.10.v20260205-0638\jre\bin\net.dll
0x00007fff28670000 - 0x00007fff28798000 	C:\WINDOWS\SYSTEM32\WINHTTP.dll
0x00007fff2ecf0000 - 0x00007fff2ed5b000 	C:\WINDOWS\system32\mswsock.dll
0x00007fff17890000 - 0x00007fff178a6000 	C:\Users\User\.p2\pool\plugins\org.eclipse.justj.openjdk.hotspot.jre.full.win32.x86_64_21.0.10.v20260205-0638\jre\bin\nio.dll
0x00007fff2e150000 - 0x00007fff2e184000 	C:\WINDOWS\SYSTEM32\IPHLPAPI.DLL
0x00007fff326c0000 - 0x00007fff326ca000 	C:\WINDOWS\System32\NSI.dll
0x00007fff258d0000 - 0x00007fff258d9000 	C:\Users\User\.p2\pool\plugins\org.eclipse.justj.openjdk.hotspot.jre.full.win32.x86_64_21.0.10.v20260205-0638\jre\bin\extnet.dll
0x00007fff210c0000 - 0x00007fff210d0000 	C:\Users\User\.p2\pool\plugins\org.eclipse.justj.openjdk.hotspot.jre.full.win32.x86_64_21.0.10.v20260205-0638\jre\bin\verify.dll
0x00007fff2f0e0000 - 0x00007fff2f0fb000 	C:\WINDOWS\SYSTEM32\CRYPTSP.dll
0x00007fff2e700000 - 0x00007fff2e73a000 	C:\WINDOWS\system32\rsaenh.dll
0x00007fff2eda0000 - 0x00007fff2edcb000 	C:\WINDOWS\SYSTEM32\USERENV.dll
0x00007fff2f920000 - 0x00007fff2f94a000 	C:\WINDOWS\SYSTEM32\bcrypt.dll
0x00007fff2ef40000 - 0x00007fff2ef4c000 	C:\WINDOWS\SYSTEM32\CRYPTBASE.dll
0x00007fff24f70000 - 0x00007fff24f7e000 	C:\Users\User\.p2\pool\plugins\org.eclipse.justj.openjdk.hotspot.jre.full.win32.x86_64_21.0.10.v20260205-0638\jre\bin\sunmscapi.dll
0x00007fff2fec0000 - 0x00007fff30037000 	C:\WINDOWS\System32\CRYPT32.dll
0x00007fff2f230000 - 0x00007fff2f260000 	C:\WINDOWS\SYSTEM32\ncrypt.dll
0x00007fff2f1e0000 - 0x00007fff2f21f000 	C:\WINDOWS\SYSTEM32\NTASN1.dll
0x00007fff2e190000 - 0x00007fff2e2bc000 	C:\WINDOWS\SYSTEM32\DNSAPI.dll
0x00007fff24480000 - 0x00007fff2448b000 	C:\Windows\System32\rasadhlp.dll
0x00007fff24d90000 - 0x00007fff24e16000 	C:\WINDOWS\System32\fwpuclnt.dll
0x00007fff25d90000 - 0x00007fff25d9a000 	C:\Users\User\.p2\pool\plugins\org.eclipse.justj.openjdk.hotspot.jre.full.win32.x86_64_21.0.10.v20260205-0638\jre\bin\management.dll
0x00007fff25b70000 - 0x00007fff25b7c000 	C:\Users\User\.p2\pool\plugins\org.eclipse.justj.openjdk.hotspot.jre.full.win32.x86_64_21.0.10.v20260205-0638\jre\bin\management_ext.dll
0x00007fff31c60000 - 0x00007fff31c68000 	C:\WINDOWS\System32\PSAPI.DLL
0x00007fff25d40000 - 0x00007fff25d48000 	C:\WINDOWS\system32\wshunix.dll
0x00007ffee3060000 - 0x00007ffee3078000 	C:\WINDOWS\system32\napinsp.dll
0x00007ffee3080000 - 0x00007ffee3092000 	C:\WINDOWS\System32\winrnr.dll
0x00007ffee0c20000 - 0x00007ffee0c42000 	C:\WINDOWS\system32\nlansp_c.dll
0x00007fff12dc0000 - 0x00007fff12dd6000 	C:\WINDOWS\system32\wshbth.dll

JVMTI agents: none

dbghelp: loaded successfully - version: 4.0.5 - missing functions: none
symbol engine: initialized successfully - sym options: 0x614 - pdb path: .;C:\Users\User\.p2\pool\plugins\org.eclipse.justj.openjdk.hotspot.jre.full.win32.x86_64_21.0.10.v20260205-0638\jre\bin;C:\WINDOWS\SYSTEM32;C:\WINDOWS\WinSxS\amd64_microsoft.windows.common-controls_6595b64144ccf1df_6.0.26100.7309_none_3e05feeae336a044;C:\Users\User\.p2\pool\plugins\org.eclipse.justj.openjdk.hotspot.jre.full.win32.x86_64_21.0.10.v20260205-0638\jre\bin\server

VM Arguments:
jvm_args: -ea -Dfile.encoding=UTF-8 -Dstdout.encoding=UTF-8 -Dstderr.encoding=UTF-8 -XX:+ShowCodeDetailsInExceptionMessages 
java_command: org.eclipse.jdt.internal.junit.runner.RemoteTestRunner -version 3 -port 58254 -testLoaderClass org.eclipse.jdt.internal.junit4.runner.JUnit4TestLoader -loaderpluginname org.eclipse.jdt.junit4.runtime -classNames runner.TestRunner
java_class_path (initial): C:\Users\User\eclipse-workspace\cucumber-demo\target\test-classes;C:\Users\User\eclipse-workspace\cucumber-demo\target\classes;C:\Users\User\.m2\repository\io\cucumber\cucumber-java\7.11.0\cucumber-java-7.11.0.jar;C:\Users\User\.m2\repository\io\cucumber\cucumber-core\7.11.0\cucumber-core-7.11.0.jar;C:\Users\User\.m2\repository\io\cucumber\cucumber-gherkin\7.11.0\cucumber-gherkin-7.11.0.jar;C:\Users\User\.m2\repository\io\cucumber\cucumber-gherkin-messages\7.11.0\cucumber-gherkin-messages-7.11.0.jar;C:\Users\User\.m2\repository\io\cucumber\gherkin\26.0.3\gherkin-26.0.3.jar;C:\Users\User\.m2\repository\io\cucumber\messages\21.0.1\messages-21.0.1.jar;C:\Users\User\.m2\repository\io\cucumber\tag-expressions\5.0.1\tag-expressions-5.0.1.jar;C:\Users\User\.m2\repository\io\cucumber\cucumber-expressions\16.1.1\cucumber-expressions-16.1.1.jar;C:\Users\User\.m2\repository\io\cucumber\datatable\7.11.0\datatable-7.11.0.jar;C:\Users\User\.m2\repository\io\cucumber\cucumber-plugin\7.11.0\cucumber-plugin-7.11.0.jar;C:\Users\User\.m2\repository\io\cucumber\docstring\7.11.0\docstring-7.11.0.jar;C:\Users\User\.m2\repository\io\cucumber\html-formatter\20.2.1\html-formatter-20.2.1.jar;C:\Users\User\.m2\repository\io\cucumber\junit-xml-formatter\0.1.0\junit-xml-formatter-0.1.0.jar;C:\Users\User\.m2\repository\io\cucumber\ci-environment\9.1.0\ci-environment-9.1.0.jar;C:\Users\User\.m2\repository\org\apiguardian\apiguardian-api\1.1.2\apiguardian-api-1.1.2.jar;C:\Users\User\.m2\repository\io\cucumber\cucumber-junit\7.11.0\cucumber-junit-7.11.0.jar;C:\Users\User\.m2\repository\org\seleniumhq\selenium\selenium-java\4.0.0\selenium-java-4.0.0.jar;C:\Users\User\.m2\repository\org\seleniumhq\selenium\selenium-api\4.0.0\selenium-api-4.0.0.jar;C:\Users\User\.m2\repository\org\seleniumhq\selenium\selenium-chrome-driver\4.0.0\selenium-chrome-driver-4.0.0.jar;C:\Users\User\.m2\repository\com\google\auto\service\auto-service-annotations\1.0\auto-service-annotations-1.0.jar;C:\Users\User\.m2\repository\com\google\auto\service\auto-service\1.0\auto-service-1.0.jar;C:\Users\User\.m2\repository\com\google\auto\auto-common\1.0\auto-common-1.0.jar;C:\Users\User\.m2\repository\com\google\guava\guava\31.0.1-jre\guava-31.0.1-jre.jar;C:\Users\User\.m2\repository\com\google\guava\failureaccess\1.0.1\failureaccess-1.0.1.jar;C:\Users\User\.m2\repository\com\google\guava\listenablefuture\9999.0-empty-to-avoid-conflict-with-guava\listenablefuture-9999.0-empty-to-avoid-conflict-with-guava.jar;C:\Users\User\.m2\repository\com\google\code\findbugs\jsr305\3.0.2\jsr305-3.0.2.jar;C:\Users\User\.m2\repository\org\checkerframework\checker-qual\3.12.0\checker-qual-3.12.0.jar;C:\Users\User\.m2\repository\com\google\errorprone\error_prone_annotations\2.7.1\error_prone_annotations-2.7.1.jar;C:\Users\User\.m2\repository\com\google\j2objc\j2objc-annotations\1.3\j2objc-annotations-1.3.jar;C:\Users\User\.m2\repository\org\seleniumhq\selenium\selenium-chromium-driver\4.0.0\selenium-chromium-driver-4.0.0.jar;C:\Users\User\.m2\repository\org\seleniumhq\selenium\selenium-json\4.0.0\selenium-json-4.0.0.jar;C:\Users\User\.m2\repository\org\seleniumhq\selenium\selenium-devtools-v85\4.0.0\selenium-devtools-v85-4.0.0.jar;C:\Users\User\.m2\repository\org\seleniumhq\selenium\selenium-devtools-v93\4.0.0\selenium-devtools-v93-4.0.0.jar;C:\Users\User\.m2\repository\org\seleniumhq\selenium\selenium-devtools-v94\4.0.0\selenium-devtools-v94-4.0.0.jar;C:\Users\User\.m2\repository\org\seleniumhq\selenium\selenium-devtools-v95\4.0.0\selenium-devtools-v95-4.0.0.jar;C:\Users\User\.m2\repository\org\seleniumhq\selenium\selenium-edge-driver\4.0.0\selenium-edge-driver-4.0.0.jar;C:\Users\User\.m2\repository\org\seleniumhq\selenium\selenium-firefox-driver\4.0.0\selenium-firefox-driver-4.0.0.jar;C:\Users\User\.m2\repository\org\seleniumhq\selenium\selenium-firefox-xpi-driver\4.0.0\selenium-firefox-xpi-driver-4.0.0.jar;C:\Users\User\.m2\repository\org\seleniumhq\selenium\selenium-ie-driver\4.0.0\selenium-ie-driver-4.0.0.jar;C:\Users\User\.m2\repository\org\seleniumhq\selenium\selenium-opera-driver\4.0.0\selenium-opera-driver-4.0.0.jar;C:\Users\User\.m2\repository\org\seleniumhq\selenium\selenium-remote-driver\4.0.0\selenium-remote-driver-4.0.0.jar;C:\Users\User\.m2\repository\com\beust\jcommander\1.81\jcommander-1.81.jar;C:\Users\User\.m2\repository\io\netty\netty-buffer\4.1.68.Final\netty-buffer-4.1.68.Final.jar;C:\Users\User\.m2\repository\io\netty\netty-codec-http\4.1.67.Final\netty-codec-http-4.1.67.Final.jar;C:\Users\User\.m2\repository\io\netty\netty-codec\4.1.67.Final\netty-codec-4.1.67.Final.jar;C:\Users\User\.m2\repository\io\netty\netty-handler\4.1.67.Final\netty-handler-4.1.67.Final.jar;C:\Users\User\.m2\repository\io\netty\netty-common\4.1.68.Final\netty-common-4.1.68.Final.jar;C:\Users\User\.m2\repository\io\netty\netty-transport-native-epoll\4.1.67.Final\netty-transport-native-epoll-4.1.67.Final.jar;C:\Users\User\.m2\repository\io\netty\netty-transport-native-kqueue\4.1.67.Final\netty-transport-native-kqueue-4.1.67.Final.jar;C:\Users\User\.m2\repository\io\netty\netty-transport-native-unix-common\4.1.67.Final\netty-transport-native-unix-common-4.1.67.Final.jar;C:\Users\User\.m2\repository\io\netty\netty-transport\4.1.68.Final\netty-transport-4.1.68.Final.jar;C:\Users\User\.m2\repository\io\netty\netty-resolver\4.1.68.Final\netty-resolver-4.1.68.Final.jar;C:\Users\User\.m2\repository\io\opentelemetry\opentelemetry-api\1.6.0\opentelemetry-api-1.6.0.jar;C:\Users\User\.m2\repository\io\opentelemetry\opentelemetry-context\1.6.0\opentelemetry-context-1.6.0.jar;C:\Users\User\.m2\repository\io\opentelemetry\opentelemetry-exporter-logging\1.6.0\opentelemetry-exporter-logging-1.6.0.jar;C:\Users\User\.m2\repository\io\opentelemetry\opentelemetry-sdk-metrics\1.6.0-alpha\opentelemetry-sdk-metrics-1.6.0-alpha.jar;C:\Users\User\.m2\repository\io\opentelemetry\opentelemetry-sdk-common\1.6.0\opentelemetry-sdk-common-1.6.0.jar;C:\Users\User\.m2\repository\io\opentelemetry\opentelemetry-sdk-extension-autoconfigure-spi\1.6.0\opentelemetry-sdk-extension-autoconfigure-spi-1.6.0.jar;C:\Users\User\.m2\repository\io\opentelemetry\opentelemetry-sdk-extension-autoconfigure\1.6.0-alpha\opentelemetry-sdk-extension-autoconfigure-1.6.0-alpha.jar;C:\Users\User\.m2\repository\io\opentelemetry\opentelemetry-sdk-trace\1.6.0\opentelemetry-sdk-trace-1.6.0.jar;C:\Users\User\.m2\repository\io\opentelemetry\opentelemetry-api-metrics\1.6.0-alpha\opentelemetry-api-metrics-1.6.0-alpha.jar;C:\Users\User\.m2\repository\io\opentelemetry\opentelemetry-sdk\1.6.0\opentelemetry-sdk-1.6.0.jar;C:\Users\User\.m2\repository\io\opentelemetry\opentelemetry-semconv\1.6.0-alpha\opentelemetry-semconv-1.6.0-alpha.jar;C:\Users\User\.m2\repository\io\ous\jtoml\2.0.0\jtoml-2.0.0.jar;C:\Users\User\.m2\repository\net\bytebuddy\byte-buddy\1.11.19\byte-buddy-1.11.19.jar;C:\Users\User\.m2\repository\org\apache\commons\commons-exec\1.3\commons-exec-1.3.jar;C:\Users\User\.m2\repository\org\asynchttpclient\async-http-client\2.12.3\async-http-client-2.12.3.jar;C:\Users\User\.m2\repository\org\asynchttpclient\async-http-client-netty-utils\2.12.3\async-http-client-netty-utils-2.12.3.jar;C:\Users\User\.m2\repository\io\netty\netty-codec-socks\4.1.60.Final\netty-codec-socks-4.1.60.Final.jar;C:\Users\User\.m2\repository\io\netty\netty-handler-proxy\4.1.60.Final\netty-handler-proxy-4.1.60.Final.jar;C:\Users\User\.m2\repository\io\netty\netty-transport-native-epoll\4.1.60.Final\netty-transport-native-epoll-4.1.60.Final-linux-x86_64.jar;C:\Users\User\.m2\repository\io\netty\netty-transport-native-kqueue\4.1.60.Final\netty-transport-native-kqueue-4.1.60.Final-osx-x86_64.jar;C:\Users\User\.m2\repository\org\reactivestreams\reactive-streams\1.0.3\reactive-streams-1.0.3.jar;C:\Users\User\.m2\repository\com\typesafe\netty\netty-reactive-streams\2.0.4\netty-reactive-streams-2.0.4.jar;C:\Users\User\.m2\repository\com\sun\activation\jakarta.activation\1.2.2\jakarta.activation-1.2.2.jar;C:\Users\User\.m2\repository\org\seleniumhq\selenium\selenium-http\4.0.0\selenium-http-4.0.0.jar;C:\Users\User\.m2\repository\org\seleniumhq\selenium\selenium-safari-driver\4.0.0\selenium-safari-driver-4.0.0.jar;C:\Users\User\.m2\repository\org\seleniumhq\selenium\selenium-support\4.0.0\selenium-support-4.0.0.jar;C:\Users\User\.m2\repository\junit\junit\4.13.2\junit-4.13.2.jar;C:\Users\User\.m2\repository\org\hamcrest\hamcrest-core\1.3\hamcrest-core-1.3.jar;C:\Users\User\.m2\repository\io\github\bonigarcia\webdrivermanager\5.7.0\webdrivermanager-5.7.0.jar;C:\Users\User\.m2\repository\org\slf4j\slf4j-api\2.0.12\slf4j-api-2.0.12.jar;C:\Users\User\.m2\repository\com\google\code\gson\gson\2.10.1\gson-2.10.1.jar;C:\Users\User\.m2\repository\com\github\docker-java\docker-java\3.3.5\docker-java-3.3.5.jar;C:\Users\User\.m2\repository\com\github\docker-java\docker-java-core\3.3.5\docker-java-core-3.3.5.jar;C:\Users\User\.m2\repository\com\github\docker-java\docker-java-api\3.3.5\docker-java-api-3.3.5.jar;C:\Users\User\.m2\repository\com\fasterxml\jackson\core\jackson-annotations\2.10.3\jackson-annotations-2.10.3.jar;C:\Users\User\.m2\repository\com\fasterxml\jackson\core\jackson-databind\2.10.3\jackson-databind-2.10.3.jar;C:\Users\User\.m2\repository\com\fasterxml\jackson\core\jackson-core\2.10.3\jackson-core-2.10.3.jar;C:\Users\User\.m2\repository\org\bouncycastle\bcpkix-jdk18on\1.76\bcpkix-jdk18on-1.76.jar;C:\Users\User\.m2\repository\org\bouncycastle\bcprov-jdk18on\1.76\bcprov-jdk18on-1.76.jar;C:\Users\User\.m2\repository\org\bouncycastle\bcutil-jdk18on\1.76\bcutil-jdk18on-1.76.jar;C:\Users\User\.m2\repository\org\slf4j\jcl-over-slf4j\1.7.30\jcl-over-slf4j-1.7.30.jar;C:\Users\User\.m2\repository\com\github\docker-java\docker-java-transport-httpclient5\3.3.5\docker-java-transport-httpclient5-3.3.5.jar;C:\Users\User\.m2\repository\com\github\docker-java\docker-java-transport\3.3.5\docker-java-transport-3.3.5.jar;C:\Users\User\.m2\repository\net\java\dev\jna\jna\5.13.0\jna-5.13.0.jar;C:\Users\User\.m2\repository\org\brotli\dec\0.1.2\dec-0.1.2.jar;C:\Users\User\.m2\repository\org\apache\commons\commons-lang3\3.14.0\commons-lang3-3.14.0.jar;C:\Users\User\.m2\repository\org\apache\commons\commons-compress\1.26.0\commons-compress-1.26.0.jar;C:\Users\User\.m2\repository\commons-io\commons-io\2.15.1\commons-io-2.15.1.jar;C:\Users\User\.m2\repository\org\apache\httpcomponents\client5\httpclient5\5.2.1\httpclient5-5.2.1.jar;C:\Users\User\.m2\repository\org\apache\httpcomponents\core5\httpcore5\5.2\httpcore5-5.2.jar;C:\Users\User\.m2\repository\org\apache\httpcomponents\core5\httpcore5-h2\5.2\httpcore5-h2-5.2.jar;C:\Users\User\eclipse\java-2026-03\eclipse\configuration\org.eclipse.osgi\255\0\.cp;C:\Users\User\eclipse\java-2026-03\eclipse\configuration\org.eclipse.osgi\254\0\.cp
Launcher Type: SUN_STANDARD

[Global flags]
     intx CICompilerCount                          = 4                                         {product} {ergonomic}
     uint ConcGCThreads                            = 3                                         {product} {ergonomic}
     uint G1ConcRefinementThreads                  = 10                                        {product} {ergonomic}
   size_t G1HeapRegionSize                         = 1048576                                   {product} {ergonomic}
    uintx GCDrainStackTargetSize                   = 64                                        {product} {ergonomic}
   size_t InitialHeapSize                          = 98566144                                  {product} {ergonomic}
   size_t MarkStackSize                            = 4194304                                   {product} {ergonomic}
   size_t MaxHeapSize                              = 1570766848                                {product} {ergonomic}
   size_t MaxNewSize                               = 941621248                                 {product} {ergonomic}
   size_t MinHeapDeltaBytes                        = 1048576                                   {product} {ergonomic}
   size_t MinHeapSize                              = 8388608                                   {product} {ergonomic}
    uintx NonNMethodCodeHeapSize                   = 5839372                                {pd product} {ergonomic}
    uintx NonProfiledCodeHeapSize                  = 122909434                              {pd product} {ergonomic}
    uintx ProfiledCodeHeapSize                     = 122909434                              {pd product} {ergonomic}
    uintx ReservedCodeCacheSize                    = 251658240                              {pd product} {ergonomic}
     bool SegmentedCodeCache                       = true                                      {product} {ergonomic}
     bool ShowCodeDetailsInExceptionMessages       = true                                   {manageable} {command line}
   size_t SoftMaxHeapSize                          = 1570766848                             {manageable} {ergonomic}
     bool UseCompressedOops                        = true                           {product lp64_product} {ergonomic}
     bool UseG1GC                                  = true                                      {product} {ergonomic}
     bool UseLargePagesIndividualAllocation        = false                                  {pd product} {ergonomic}

Logging:
Log output configuration:
 #0: stdout all=warning uptime,level,tags foldmultilines=false
 #1: stderr all=off uptime,level,tags foldmultilines=false

Release file:
JAVA_VERSION="21.0.10" 
MODULES="java.base java.compiler java.datatransfer java.xml java.prefs java.desktop java.instrument java.logging java.management java.security.sasl java.naming java.rmi java.management.rmi java.net.http java.scripting java.security.jgss java.transaction.xa java.sql java.sql.rowset java.xml.crypto java.se java.smartcardio jdk.accessibility jdk.internal.jvmstat jdk.attach jdk.charsets jdk.internal.opt jdk.zipfs jdk.compiler jdk.crypto.ec jdk.crypto.cryptoki jdk.crypto.mscapi jdk.dynalink jdk.internal.ed jdk.editpad jdk.hotspot.agent jdk.httpserver jdk.internal.le jdk.internal.vm.ci jdk.internal.vm.compiler jdk.internal.vm.compiler.management jdk.jartool jdk.javadoc jdk.jcmd jdk.management jdk.management.agent jdk.jconsole jdk.jdeps jdk.jdwp.agent jdk.jdi jdk.jfr jdk.jshell jdk.jsobject jdk.jstatd jdk.localedata jdk.management.jfr jdk.naming.dns jdk.naming.rmi jdk.net jdk.nio.mapmode jdk.random jdk.sctp jdk.security.auth jdk.security.jgss jdk.unsupported jdk.unsupported.desktop jdk.xml.dom" 

Environment Variables:
JAVA_HOME=C:\Program Files\Eclipse Adoptium\jdk-25.0.2.10-hotspot
PATH=C:/Users/User/.p2/pool/plugins/org.eclipse.justj.openjdk.hotspot.jre.full.win32.x86_64_21.0.10.v20260205-0638/jre/bin/server;C:/Users/User/.p2/pool/plugins/org.eclipse.justj.openjdk.hotspot.jre.full.win32.x86_64_21.0.10.v20260205-0638/jre/bin;C:/Users/User/AppData/Local/Temp/eoi3727.tmp//plugins/org.eclipse.justj.openjdk.hotspot.jre.minimal.stripped.win32.x86_64_21.0.10.v20260205-0638/jre/bin/server;C:/Users/User/AppData/Local/Temp/eoi3727.tmp//plugins/org.eclipse.justj.openjdk.hotspot.jre.minimal.stripped.win32.x86_64_21.0.10.v20260205-0638/jre/bin;C:\Program Files\Eclipse Adoptium\jdk-25.0.2.10-hotspot\bin;C:\WINDOWS\system32;C:\WINDOWS;C:\WINDOWS\System32\Wbem;C:\WINDOWS\System32\WindowsPowerShell\v1.0\;C:\WINDOWS\System32\OpenSSH\;C:\Program Files\Git\cmd;C:\Users\User\AppData\Local\Programs\Python\Launcher\;C:\Users\User\AppData\Local\Microsoft\WindowsApps;C:\Users\User\AppData\Local\Programs\Python\Python314;C:\Users\User\AppData\Local\Programs\Python\Python314\Scripts;C:\Program Files\Eclipse Adoptium\jdk-25.0.2.10-hotspot\bin;C:\Program Files\apache-maven-3.9.14\bin;;C:\Users\User\Downloads;;C:\Users\User\Downloads;
USERNAME=User
OS=Windows_NT
PROCESSOR_IDENTIFIER=AMD64 Family 23 Model 104 Stepping 1, AuthenticAMD
TMP=C:\Users\User\AppData\Local\Temp
TEMP=C:\Users\User\AppData\Local\Temp




Periodic native trim disabled

---------------  S Y S T E M  ---------------

OS:
 Windows 11 , 64 bit Build 26100 (10.0.26100.7623)
OS uptime: 38 days 21:59 hours
Hyper-V role detected

CPU: total 12 (initial active 12) (12 cores per cpu, 2 threads per core) family 23 model 104 stepping 1 microcode 0x8608103, cx8, cmov, fxsr, ht, mmx, 3dnowpref, sse, sse2, sse3, ssse3, sse4a, sse4.1, sse4.2, popcnt, lzcnt, tsc, tscinvbit, avx, avx2, aes, clmul, bmi1, bmi2, adx, sha, fma, vzeroupper, clflush, clflushopt, hv, rdtscp, rdpid, f16c
Processor Information for processor 0
  Max Mhz: 2100, Current Mhz: 2100, Mhz Limit: 2100
Processor Information for processor 1
  Max Mhz: 2100, Current Mhz: 2100, Mhz Limit: 2100
Processor Information for processor 2
  Max Mhz: 2100, Current Mhz: 2100, Mhz Limit: 2100
Processor Information for processor 3
  Max Mhz: 2100, Current Mhz: 2100, Mhz Limit: 2100
Processor Information for processor 4
  Max Mhz: 2100, Current Mhz: 2100, Mhz Limit: 2100
Processor Information for processor 5
  Max Mhz: 2100, Current Mhz: 1813, Mhz Limit: 2100
Processor Information for processor 6
  Max Mhz: 2100, Current Mhz: 2100, Mhz Limit: 2100
Processor Information for processor 7
  Max Mhz: 2100, Current Mhz: 2100, Mhz Limit: 2100
Processor Information for processor 8
  Max Mhz: 2100, Current Mhz: 1813, Mhz Limit: 2100
Processor Information for processor 9
  Max Mhz: 2100, Current Mhz: 1813, Mhz Limit: 2100
Processor Information for processor 10
  Max Mhz: 2100, Current Mhz: 1813, Mhz Limit: 2100
Processor Information for processor 11
  Max Mhz: 2100, Current Mhz: 1813, Mhz Limit: 2100

Memory: 4k page, system-wide physical 5989M (258M free)
TotalPageFile size 24421M (AvailPageFile size 8M)
current process WorkingSet (physical memory assigned to process): 185M, peak: 191M
current process commit charge ("private bytes"): 249M, peak: 251M

vm_info: OpenJDK 64-Bit Server VM (21.0.10+7-LTS) for windows-amd64 JRE (21.0.10+7-LTS), built on 2026-01-20T00:00:00Z by "admin" with MS VC++ 17.12 (VS2022)

END.
